<?xml version="1.0" encoding="UTF-8"?>
<!-- Generated by org.testng.reporters.JUnitXMLReporter -->
<testsuite ignored="0" hostname="Yashoo" failures="0" tests="1" name="Test1" time="0.098" errors="0" timestamp="2023-02-03T17:33:34 IST">
  <testcase classname="grid.CrossBrowserParallel" name="@BeforeMethod methodConfiguration" time="-1.675425814607E9">
    <failure type="org.testng.TestNGException" message="
Parameter &amp;apos;Browser&amp;apos; is required by BeforeMethod on method methodConfiguration but has not been marked @Optional or defined
in C:\Users\DELL\eclipse-workspace\imeline_crm_practice\rafiqtestng.xml">
      <![CDATA[org.testng.TestNGException: 
Parameter 'Browser' is required by BeforeMethod on method methodConfiguration but has not been marked @Optional or defined
in C:\Users\DELL\eclipse-workspace\imeline_crm_practice\rafiqtestng.xml
at java.base/java.util.ArrayList.forEach(ArrayList.java:1511)
... Removed 28 stack frames]]>
    </failure>
  </testcase> <!-- @BeforeMethod methodConfiguration -->
  <testcase classname="grid.CrossBrowserParallel" name="test" time="0.0">
    <skipped/>
  </testcase> <!-- test -->
</testsuite> <!-- Test1 -->
