<?xml version="1.0" encoding="UTF-8"?>
<!-- Generated by org.testng.reporters.JUnitXMLReporter -->
<testsuite hostname="Yashoo" ignored="0" name="Test" tests="6" failures="0" timestamp="2023-02-07T18:10:17 IST" time="0.083" errors="0">
  <testcase name="fourthTest" time="0.01" classname="distributedparallel.FourthClass"/>
  <testcase name="thirdTest" time="0.001" classname="distributedparallel.ThirdClass"/>
  <testcase name="secondTest" time="0.001" classname="distributedparallel.SecondTest"/>
  <testcase name="fifthTest" time="0.001" classname="distributedparallel.FifthTest"/>
  <testcase name="firstTest" time="0.002" classname="distributedparallel.FirstTest"/>
  <testcase name="sixthTest" time="0.001" classname="distributedparallel.SixthTest"/>
</testsuite> <!-- Test -->
